-------------------------------------------------------------------------------
Test set: ServiceTest.ClientServiceImplTest
-------------------------------------------------------------------------------
Tests run: 1, Failures: 1, Errors: 0, Skipped: 0, Time elapsed: 6.229 s <<< FAILURE! - in ServiceTest.ClientServiceImplTest
should_store_when_save_is_called(ServiceTest.ClientServiceImplTest)  Time elapsed: 0.032 s  <<< FAILURE!
org.mockito.exceptions.verification.WantedButNotInvoked: 

Wanted but not invoked:
clientDao.save(com.model.Client@6032622);
-> at ServiceTest.ClientServiceImplTest.should_store_when_save_is_called(ClientServiceImplTest.java:40)
Actually, there were zero interactions with this mock.

	at ServiceTest.ClientServiceImplTest.should_store_when_save_is_called(ClientServiceImplTest.java:40)

